<?xml version="1.0" encoding="UTF-8"?>
<testng-results skipped="0" failed="0" ignored="0" total="1" passed="1">
  <reporter-output>
    <line>
      <![CDATA[captureScreen method called]]>
    </line>
    <line>
      <![CDATA[<a href='/Users/bigtiki/eclipse-workspace/com.plymouthrock/Screenshots/ClickedAuto1_19_11_2020_09_06_23.png'><img src='/Users/bigtiki/eclipse-workspace/com.plymouthrock/Screenshots/ClickedAuto1_19_11_2020_09_06_23.png'height='100' width='100'/></a>]]>
    </line>
    <line>
      <![CDATA[captureScreen method called]]>
    </line>
    <line>
      <![CDATA[<a href='/Users/bigtiki/eclipse-workspace/com.plymouthrock/Screenshots/EnterZip1_19_11_2020_09_06_25.png'><img src='/Users/bigtiki/eclipse-workspace/com.plymouthrock/Screenshots/EnterZip1_19_11_2020_09_06_25.png'height='100' width='100'/></a>]]>
    </line>
    <line>
      <![CDATA[captureScreen method called]]>
    </line>
    <line>
      <![CDATA[<a href='/Users/bigtiki/eclipse-workspace/com.plymouthrock/Screenshots/ClickGetQuote1_19_11_2020_09_06_28.png'><img src='/Users/bigtiki/eclipse-workspace/com.plymouthrock/Screenshots/ClickGetQuote1_19_11_2020_09_06_28.png'height='100' width='100'/></a>]]>
    </line>
    <line>
      <![CDATA[captureScreen method called]]>
    </line>
    <line>
      <![CDATA[<a href='/Users/bigtiki/eclipse-workspace/com.plymouthrock/Screenshots/address1_19_11_2020_09_06_32.png'><img src='/Users/bigtiki/eclipse-workspace/com.plymouthrock/Screenshots/address1_19_11_2020_09_06_32.png'height='100' width='100'/></a>]]>
    </line>
    <line>
      <![CDATA[captureScreen method called]]>
    </line>
    <line>
      <![CDATA[<a href='/Users/bigtiki/eclipse-workspace/com.plymouthrock/Screenshots/clickNext1_19_11_2020_09_06_34.png'><img src='/Users/bigtiki/eclipse-workspace/com.plymouthrock/Screenshots/clickNext1_19_11_2020_09_06_34.png'height='100' width='100'/></a>]]>
    </line>
    <line>
      <![CDATA[captureScreen method called]]>
    </line>
    <line>
      <![CDATA[<a href='/Users/bigtiki/eclipse-workspace/com.plymouthrock/Screenshots/ClickedAuto2_19_11_2020_09_06_49.png'><img src='/Users/bigtiki/eclipse-workspace/com.plymouthrock/Screenshots/ClickedAuto2_19_11_2020_09_06_49.png'height='100' width='100'/></a>]]>
    </line>
    <line>
      <![CDATA[captureScreen method called]]>
    </line>
    <line>
      <![CDATA[<a href='/Users/bigtiki/eclipse-workspace/com.plymouthrock/Screenshots/EnterZip2_19_11_2020_09_06_51.png'><img src='/Users/bigtiki/eclipse-workspace/com.plymouthrock/Screenshots/EnterZip2_19_11_2020_09_06_51.png'height='100' width='100'/></a>]]>
    </line>
    <line>
      <![CDATA[captureScreen method called]]>
    </line>
    <line>
      <![CDATA[<a href='/Users/bigtiki/eclipse-workspace/com.plymouthrock/Screenshots/ClickGetQuote2_19_11_2020_09_06_53.png'><img src='/Users/bigtiki/eclipse-workspace/com.plymouthrock/Screenshots/ClickGetQuote2_19_11_2020_09_06_53.png'height='100' width='100'/></a>]]>
    </line>
    <line>
      <![CDATA[captureScreen method called]]>
    </line>
    <line>
      <![CDATA[<a href='/Users/bigtiki/eclipse-workspace/com.plymouthrock/Screenshots/address2_19_11_2020_09_06_56.png'><img src='/Users/bigtiki/eclipse-workspace/com.plymouthrock/Screenshots/address2_19_11_2020_09_06_56.png'height='100' width='100'/></a>]]>
    </line>
    <line>
      <![CDATA[captureScreen method called]]>
    </line>
    <line>
      <![CDATA[<a href='/Users/bigtiki/eclipse-workspace/com.plymouthrock/Screenshots/clickNext2_19_11_2020_09_06_59.png'><img src='/Users/bigtiki/eclipse-workspace/com.plymouthrock/Screenshots/clickNext2_19_11_2020_09_06_59.png'height='100' width='100'/></a>]]>
    </line>
    <line>
      <![CDATA[captureScreen method called]]>
    </line>
    <line>
      <![CDATA[<a href='/Users/bigtiki/eclipse-workspace/com.plymouthrock/Screenshots/readExcel_19_11_2020_09_07_05.png'><img src='/Users/bigtiki/eclipse-workspace/com.plymouthrock/Screenshots/readExcel_19_11_2020_09_07_05.png'height='100' width='100'/></a>]]>
    </line>
  </reporter-output>
  <suite name="Suite" duration-ms="53258" started-at="2020-11-19T21:06:13 EST" finished-at="2020-11-19T21:07:06 EST">
    <groups>
    </groups>
    <test name="Test" duration-ms="53258" started-at="2020-11-19T21:06:13 EST" finished-at="2020-11-19T21:07:06 EST">
      <class name="com.plymouthrock.homepage.Homepagetest">
        <test-method status="PASS" signature="beforeTestReport()[pri:0, instance:com.plymouthrock.homepage.Homepagetest@eb21112]" name="beforeTestReport" is-config="true" duration-ms="183" started-at="2020-11-19T21:06:13 EST" finished-at="2020-11-19T21:06:13 EST">
          <reporter-output>
          </reporter-output>
        </test-method> <!-- beforeTestReport -->
        <test-method status="PASS" signature="init_Driver()[pri:0, instance:com.plymouthrock.homepage.Homepagetest@eb21112]" name="init_Driver" is-config="true" duration-ms="1606" started-at="2020-11-19T21:06:13 EST" finished-at="2020-11-19T21:06:14 EST">
          <reporter-output>
          </reporter-output>
        </test-method> <!-- init_Driver -->
        <test-method status="PASS" signature="readExcel()[pri:0, instance:com.plymouthrock.homepage.Homepagetest@eb21112]" name="readExcel" duration-ms="50711" started-at="2020-11-19T21:06:14 EST" finished-at="2020-11-19T21:07:05 EST">
          <reporter-output>
            <line>
              <![CDATA[captureScreen method called]]>
            </line>
            <line>
              <![CDATA[<a href='/Users/bigtiki/eclipse-workspace/com.plymouthrock/Screenshots/ClickedAuto1_19_11_2020_09_06_23.png'><img src='/Users/bigtiki/eclipse-workspace/com.plymouthrock/Screenshots/ClickedAuto1_19_11_2020_09_06_23.png'height='100' width='100'/></a>]]>
            </line>
            <line>
              <![CDATA[captureScreen method called]]>
            </line>
            <line>
              <![CDATA[<a href='/Users/bigtiki/eclipse-workspace/com.plymouthrock/Screenshots/EnterZip1_19_11_2020_09_06_25.png'><img src='/Users/bigtiki/eclipse-workspace/com.plymouthrock/Screenshots/EnterZip1_19_11_2020_09_06_25.png'height='100' width='100'/></a>]]>
            </line>
            <line>
              <![CDATA[captureScreen method called]]>
            </line>
            <line>
              <![CDATA[<a href='/Users/bigtiki/eclipse-workspace/com.plymouthrock/Screenshots/ClickGetQuote1_19_11_2020_09_06_28.png'><img src='/Users/bigtiki/eclipse-workspace/com.plymouthrock/Screenshots/ClickGetQuote1_19_11_2020_09_06_28.png'height='100' width='100'/></a>]]>
            </line>
            <line>
              <![CDATA[captureScreen method called]]>
            </line>
            <line>
              <![CDATA[<a href='/Users/bigtiki/eclipse-workspace/com.plymouthrock/Screenshots/address1_19_11_2020_09_06_32.png'><img src='/Users/bigtiki/eclipse-workspace/com.plymouthrock/Screenshots/address1_19_11_2020_09_06_32.png'height='100' width='100'/></a>]]>
            </line>
            <line>
              <![CDATA[captureScreen method called]]>
            </line>
            <line>
              <![CDATA[<a href='/Users/bigtiki/eclipse-workspace/com.plymouthrock/Screenshots/clickNext1_19_11_2020_09_06_34.png'><img src='/Users/bigtiki/eclipse-workspace/com.plymouthrock/Screenshots/clickNext1_19_11_2020_09_06_34.png'height='100' width='100'/></a>]]>
            </line>
            <line>
              <![CDATA[captureScreen method called]]>
            </line>
            <line>
              <![CDATA[<a href='/Users/bigtiki/eclipse-workspace/com.plymouthrock/Screenshots/ClickedAuto2_19_11_2020_09_06_49.png'><img src='/Users/bigtiki/eclipse-workspace/com.plymouthrock/Screenshots/ClickedAuto2_19_11_2020_09_06_49.png'height='100' width='100'/></a>]]>
            </line>
            <line>
              <![CDATA[captureScreen method called]]>
            </line>
            <line>
              <![CDATA[<a href='/Users/bigtiki/eclipse-workspace/com.plymouthrock/Screenshots/EnterZip2_19_11_2020_09_06_51.png'><img src='/Users/bigtiki/eclipse-workspace/com.plymouthrock/Screenshots/EnterZip2_19_11_2020_09_06_51.png'height='100' width='100'/></a>]]>
            </line>
            <line>
              <![CDATA[captureScreen method called]]>
            </line>
            <line>
              <![CDATA[<a href='/Users/bigtiki/eclipse-workspace/com.plymouthrock/Screenshots/ClickGetQuote2_19_11_2020_09_06_53.png'><img src='/Users/bigtiki/eclipse-workspace/com.plymouthrock/Screenshots/ClickGetQuote2_19_11_2020_09_06_53.png'height='100' width='100'/></a>]]>
            </line>
            <line>
              <![CDATA[captureScreen method called]]>
            </line>
            <line>
              <![CDATA[<a href='/Users/bigtiki/eclipse-workspace/com.plymouthrock/Screenshots/address2_19_11_2020_09_06_56.png'><img src='/Users/bigtiki/eclipse-workspace/com.plymouthrock/Screenshots/address2_19_11_2020_09_06_56.png'height='100' width='100'/></a>]]>
            </line>
            <line>
              <![CDATA[captureScreen method called]]>
            </line>
            <line>
              <![CDATA[<a href='/Users/bigtiki/eclipse-workspace/com.plymouthrock/Screenshots/clickNext2_19_11_2020_09_06_59.png'><img src='/Users/bigtiki/eclipse-workspace/com.plymouthrock/Screenshots/clickNext2_19_11_2020_09_06_59.png'height='100' width='100'/></a>]]>
            </line>
          </reporter-output>
        </test-method> <!-- readExcel -->
        <test-method status="PASS" signature="afterMethod(org.testng.ITestResult)[pri:0, instance:com.plymouthrock.homepage.Homepagetest@eb21112]" name="afterMethod" is-config="true" duration-ms="724" started-at="2020-11-19T21:07:05 EST" finished-at="2020-11-19T21:07:06 EST">
          <params>
            <param index="0">
              <value>
                <![CDATA[[TestResult name=readExcel status=SUCCESS method=Homepagetest.readExcel()[pri:0, instance:com.plymouthrock.homepage.Homepagetest@eb21112] output=captureScreen method called]]]>
              </value>
            </param>
          </params>
          <reporter-output>
            <line>
              <![CDATA[captureScreen method called]]>
            </line>
            <line>
              <![CDATA[<a href='/Users/bigtiki/eclipse-workspace/com.plymouthrock/Screenshots/readExcel_19_11_2020_09_07_05.png'><img src='/Users/bigtiki/eclipse-workspace/com.plymouthrock/Screenshots/readExcel_19_11_2020_09_07_05.png'height='100' width='100'/></a>]]>
            </line>
          </reporter-output>
        </test-method> <!-- afterMethod -->
      </class> <!-- com.plymouthrock.homepage.Homepagetest -->
    </test> <!-- Test -->
  </suite> <!-- Suite -->
</testng-results>
