<?xml version="1.0" encoding="UTF-8"?>
<testng-results skipped="0" failed="0" ignored="0" total="1" passed="1">
  <reporter-output>
    <line>
      <![CDATA[captureScreen method called]]>
    </line>
    <line>
      <![CDATA[<a href='/Users/bigtiki/eclipse-workspace/com.plymouthrock/Screenshots/ClickedAuto1_19_11_2020_08_42_12.png'><img src='/Users/bigtiki/eclipse-workspace/com.plymouthrock/Screenshots/ClickedAuto1_19_11_2020_08_42_12.png'height='100' width='100'/></a>]]>
    </line>
    <line>
      <![CDATA[captureScreen method called]]>
    </line>
    <line>
      <![CDATA[<a href='/Users/bigtiki/eclipse-workspace/com.plymouthrock/Screenshots/EnterZip1_19_11_2020_08_42_14.png'><img src='/Users/bigtiki/eclipse-workspace/com.plymouthrock/Screenshots/EnterZip1_19_11_2020_08_42_14.png'height='100' width='100'/></a>]]>
    </line>
    <line>
      <![CDATA[captureScreen method called]]>
    </line>
    <line>
      <![CDATA[<a href='/Users/bigtiki/eclipse-workspace/com.plymouthrock/Screenshots/ClickGetQuote1_19_11_2020_08_42_16.png'><img src='/Users/bigtiki/eclipse-workspace/com.plymouthrock/Screenshots/ClickGetQuote1_19_11_2020_08_42_16.png'height='100' width='100'/></a>]]>
    </line>
    <line>
      <![CDATA[captureScreen method called]]>
    </line>
    <line>
      <![CDATA[<a href='/Users/bigtiki/eclipse-workspace/com.plymouthrock/Screenshots/address1_19_11_2020_08_42_19.png'><img src='/Users/bigtiki/eclipse-workspace/com.plymouthrock/Screenshots/address1_19_11_2020_08_42_19.png'height='100' width='100'/></a>]]>
    </line>
    <line>
      <![CDATA[captureScreen method called]]>
    </line>
    <line>
      <![CDATA[<a href='/Users/bigtiki/eclipse-workspace/com.plymouthrock/Screenshots/clickNext1_19_11_2020_08_42_22.png'><img src='/Users/bigtiki/eclipse-workspace/com.plymouthrock/Screenshots/clickNext1_19_11_2020_08_42_22.png'height='100' width='100'/></a>]]>
    </line>
    <line>
      <![CDATA[captureScreen method called]]>
    </line>
    <line>
      <![CDATA[<a href='/Users/bigtiki/eclipse-workspace/com.plymouthrock/Screenshots/ClickedAuto2_19_11_2020_08_42_36.png'><img src='/Users/bigtiki/eclipse-workspace/com.plymouthrock/Screenshots/ClickedAuto2_19_11_2020_08_42_36.png'height='100' width='100'/></a>]]>
    </line>
    <line>
      <![CDATA[captureScreen method called]]>
    </line>
    <line>
      <![CDATA[<a href='/Users/bigtiki/eclipse-workspace/com.plymouthrock/Screenshots/EnterZip2_19_11_2020_08_42_38.png'><img src='/Users/bigtiki/eclipse-workspace/com.plymouthrock/Screenshots/EnterZip2_19_11_2020_08_42_38.png'height='100' width='100'/></a>]]>
    </line>
    <line>
      <![CDATA[captureScreen method called]]>
    </line>
    <line>
      <![CDATA[<a href='/Users/bigtiki/eclipse-workspace/com.plymouthrock/Screenshots/ClickGetQuote2_19_11_2020_08_42_40.png'><img src='/Users/bigtiki/eclipse-workspace/com.plymouthrock/Screenshots/ClickGetQuote2_19_11_2020_08_42_40.png'height='100' width='100'/></a>]]>
    </line>
    <line>
      <![CDATA[captureScreen method called]]>
    </line>
    <line>
      <![CDATA[<a href='/Users/bigtiki/eclipse-workspace/com.plymouthrock/Screenshots/address2_19_11_2020_08_42_43.png'><img src='/Users/bigtiki/eclipse-workspace/com.plymouthrock/Screenshots/address2_19_11_2020_08_42_43.png'height='100' width='100'/></a>]]>
    </line>
    <line>
      <![CDATA[captureScreen method called]]>
    </line>
    <line>
      <![CDATA[<a href='/Users/bigtiki/eclipse-workspace/com.plymouthrock/Screenshots/clickNext2_19_11_2020_08_42_45.png'><img src='/Users/bigtiki/eclipse-workspace/com.plymouthrock/Screenshots/clickNext2_19_11_2020_08_42_45.png'height='100' width='100'/></a>]]>
    </line>
    <line>
      <![CDATA[captureScreen method called]]>
    </line>
    <line>
      <![CDATA[<a href='/Users/bigtiki/eclipse-workspace/com.plymouthrock/Screenshots/readExcel_19_11_2020_08_42_52.png'><img src='/Users/bigtiki/eclipse-workspace/com.plymouthrock/Screenshots/readExcel_19_11_2020_08_42_52.png'height='100' width='100'/></a>]]>
    </line>
  </reporter-output>
  <suite name="Default suite" duration-ms="49828" started-at="2020-11-19T20:42:03 EST" finished-at="2020-11-19T20:42:53 EST">
    <groups>
    </groups>
    <test name="Default test" duration-ms="49828" started-at="2020-11-19T20:42:03 EST" finished-at="2020-11-19T20:42:53 EST">
      <class name="com.plymouthrock.homepage.Homepagetest">
        <test-method status="PASS" signature="beforeTestReport()[pri:0, instance:com.plymouthrock.homepage.Homepagetest@eb21112]" name="beforeTestReport" is-config="true" duration-ms="205" started-at="2020-11-19T20:42:03 EST" finished-at="2020-11-19T20:42:03 EST">
          <reporter-output>
          </reporter-output>
        </test-method> <!-- beforeTestReport -->
        <test-method status="PASS" signature="init_Driver()[pri:0, instance:com.plymouthrock.homepage.Homepagetest@eb21112]" name="init_Driver" is-config="true" duration-ms="1366" started-at="2020-11-19T20:42:03 EST" finished-at="2020-11-19T20:42:04 EST">
          <reporter-output>
          </reporter-output>
        </test-method> <!-- init_Driver -->
        <test-method status="PASS" signature="readExcel()[pri:0, instance:com.plymouthrock.homepage.Homepagetest@eb21112]" name="readExcel" duration-ms="47541" started-at="2020-11-19T20:42:04 EST" finished-at="2020-11-19T20:42:52 EST">
          <reporter-output>
            <line>
              <![CDATA[captureScreen method called]]>
            </line>
            <line>
              <![CDATA[<a href='/Users/bigtiki/eclipse-workspace/com.plymouthrock/Screenshots/ClickedAuto1_19_11_2020_08_42_12.png'><img src='/Users/bigtiki/eclipse-workspace/com.plymouthrock/Screenshots/ClickedAuto1_19_11_2020_08_42_12.png'height='100' width='100'/></a>]]>
            </line>
            <line>
              <![CDATA[captureScreen method called]]>
            </line>
            <line>
              <![CDATA[<a href='/Users/bigtiki/eclipse-workspace/com.plymouthrock/Screenshots/EnterZip1_19_11_2020_08_42_14.png'><img src='/Users/bigtiki/eclipse-workspace/com.plymouthrock/Screenshots/EnterZip1_19_11_2020_08_42_14.png'height='100' width='100'/></a>]]>
            </line>
            <line>
              <![CDATA[captureScreen method called]]>
            </line>
            <line>
              <![CDATA[<a href='/Users/bigtiki/eclipse-workspace/com.plymouthrock/Screenshots/ClickGetQuote1_19_11_2020_08_42_16.png'><img src='/Users/bigtiki/eclipse-workspace/com.plymouthrock/Screenshots/ClickGetQuote1_19_11_2020_08_42_16.png'height='100' width='100'/></a>]]>
            </line>
            <line>
              <![CDATA[captureScreen method called]]>
            </line>
            <line>
              <![CDATA[<a href='/Users/bigtiki/eclipse-workspace/com.plymouthrock/Screenshots/address1_19_11_2020_08_42_19.png'><img src='/Users/bigtiki/eclipse-workspace/com.plymouthrock/Screenshots/address1_19_11_2020_08_42_19.png'height='100' width='100'/></a>]]>
            </line>
            <line>
              <![CDATA[captureScreen method called]]>
            </line>
            <line>
              <![CDATA[<a href='/Users/bigtiki/eclipse-workspace/com.plymouthrock/Screenshots/clickNext1_19_11_2020_08_42_22.png'><img src='/Users/bigtiki/eclipse-workspace/com.plymouthrock/Screenshots/clickNext1_19_11_2020_08_42_22.png'height='100' width='100'/></a>]]>
            </line>
            <line>
              <![CDATA[captureScreen method called]]>
            </line>
            <line>
              <![CDATA[<a href='/Users/bigtiki/eclipse-workspace/com.plymouthrock/Screenshots/ClickedAuto2_19_11_2020_08_42_36.png'><img src='/Users/bigtiki/eclipse-workspace/com.plymouthrock/Screenshots/ClickedAuto2_19_11_2020_08_42_36.png'height='100' width='100'/></a>]]>
            </line>
            <line>
              <![CDATA[captureScreen method called]]>
            </line>
            <line>
              <![CDATA[<a href='/Users/bigtiki/eclipse-workspace/com.plymouthrock/Screenshots/EnterZip2_19_11_2020_08_42_38.png'><img src='/Users/bigtiki/eclipse-workspace/com.plymouthrock/Screenshots/EnterZip2_19_11_2020_08_42_38.png'height='100' width='100'/></a>]]>
            </line>
            <line>
              <![CDATA[captureScreen method called]]>
            </line>
            <line>
              <![CDATA[<a href='/Users/bigtiki/eclipse-workspace/com.plymouthrock/Screenshots/ClickGetQuote2_19_11_2020_08_42_40.png'><img src='/Users/bigtiki/eclipse-workspace/com.plymouthrock/Screenshots/ClickGetQuote2_19_11_2020_08_42_40.png'height='100' width='100'/></a>]]>
            </line>
            <line>
              <![CDATA[captureScreen method called]]>
            </line>
            <line>
              <![CDATA[<a href='/Users/bigtiki/eclipse-workspace/com.plymouthrock/Screenshots/address2_19_11_2020_08_42_43.png'><img src='/Users/bigtiki/eclipse-workspace/com.plymouthrock/Screenshots/address2_19_11_2020_08_42_43.png'height='100' width='100'/></a>]]>
            </line>
            <line>
              <![CDATA[captureScreen method called]]>
            </line>
            <line>
              <![CDATA[<a href='/Users/bigtiki/eclipse-workspace/com.plymouthrock/Screenshots/clickNext2_19_11_2020_08_42_45.png'><img src='/Users/bigtiki/eclipse-workspace/com.plymouthrock/Screenshots/clickNext2_19_11_2020_08_42_45.png'height='100' width='100'/></a>]]>
            </line>
          </reporter-output>
        </test-method> <!-- readExcel -->
        <test-method status="PASS" signature="afterMethod(org.testng.ITestResult)[pri:0, instance:com.plymouthrock.homepage.Homepagetest@eb21112]" name="afterMethod" is-config="true" duration-ms="683" started-at="2020-11-19T20:42:52 EST" finished-at="2020-11-19T20:42:53 EST">
          <params>
            <param index="0">
              <value>
                <![CDATA[[TestResult name=readExcel status=SUCCESS method=Homepagetest.readExcel()[pri:0, instance:com.plymouthrock.homepage.Homepagetest@eb21112] output=captureScreen method called]]]>
              </value>
            </param>
          </params>
          <reporter-output>
            <line>
              <![CDATA[captureScreen method called]]>
            </line>
            <line>
              <![CDATA[<a href='/Users/bigtiki/eclipse-workspace/com.plymouthrock/Screenshots/readExcel_19_11_2020_08_42_52.png'><img src='/Users/bigtiki/eclipse-workspace/com.plymouthrock/Screenshots/readExcel_19_11_2020_08_42_52.png'height='100' width='100'/></a>]]>
            </line>
          </reporter-output>
        </test-method> <!-- afterMethod -->
      </class> <!-- com.plymouthrock.homepage.Homepagetest -->
    </test> <!-- Default test -->
  </suite> <!-- Default suite -->
</testng-results>
